<?xml version="1.0" encoding="UTF-8"?>
<testsuite name="com.organizer.ApplicationTests" tests="1" skipped="0" failures="0" errors="0" timestamp="2019-03-20T23:24:01" hostname="Markus-MacBook-Pro.local" time="0.259">
  <properties/>
  <testcase name="contextLoads" classname="com.organizer.ApplicationTests" time="0.259"/>
  <system-out><![CDATA[00:23:59.465 [Test worker] DEBUG org.springframework.test.context.junit4.SpringJUnit4ClassRunner - SpringJUnit4ClassRunner constructor called with [class com.organizer.ApplicationTests]
00:23:59.479 [Test worker] DEBUG org.springframework.test.context.BootstrapUtils - Instantiating CacheAwareContextLoaderDelegate from class [org.springframework.test.context.cache.DefaultCacheAwareContextLoaderDelegate]
00:23:59.485 [Test worker] DEBUG org.springframework.test.context.BootstrapUtils - Instantiating BootstrapContext using constructor [public org.springframework.test.context.support.DefaultBootstrapContext(java.lang.Class,org.springframework.test.context.CacheAwareContextLoaderDelegate)]
00:23:59.504 [Test worker] DEBUG org.springframework.test.context.BootstrapUtils - Instantiating TestContextBootstrapper for test class [com.organizer.ApplicationTests] from class [org.springframework.boot.test.context.SpringBootTestContextBootstrapper]
00:23:59.515 [Test worker] INFO org.springframework.boot.test.context.SpringBootTestContextBootstrapper - Neither @ContextConfiguration nor @ContextHierarchy found for test class [com.organizer.ApplicationTests], using SpringBootContextLoader
00:23:59.518 [Test worker] DEBUG org.springframework.test.context.support.AbstractContextLoader - Did not detect default resource location for test class [com.organizer.ApplicationTests]: class path resource [com/organizer/ApplicationTests-context.xml] does not exist
00:23:59.518 [Test worker] DEBUG org.springframework.test.context.support.AbstractContextLoader - Did not detect default resource location for test class [com.organizer.ApplicationTests]: class path resource [com/organizer/ApplicationTestsContext.groovy] does not exist
00:23:59.519 [Test worker] INFO org.springframework.test.context.support.AbstractContextLoader - Could not detect default resource locations for test class [com.organizer.ApplicationTests]: no resource found for suffixes {-context.xml, Context.groovy}.
00:23:59.519 [Test worker] INFO org.springframework.test.context.support.AnnotationConfigContextLoaderUtils - Could not detect default configuration classes for test class [com.organizer.ApplicationTests]: ApplicationTests does not declare any static, non-private, non-final, nested classes annotated with @Configuration.
00:23:59.577 [Test worker] DEBUG org.springframework.test.context.support.ActiveProfilesUtils - Could not find an 'annotation declaring class' for annotation type [org.springframework.test.context.ActiveProfiles] and class [com.organizer.ApplicationTests]
00:23:59.645 [Test worker] DEBUG org.springframework.context.annotation.ClassPathScanningCandidateComponentProvider - Identified candidate component class: file [/Users/markus/Desktop/Organizer/Organizer/build/classes/java/main/com/organizer/Application.class]
00:23:59.655 [Test worker] INFO org.springframework.boot.test.context.SpringBootTestContextBootstrapper - Found @SpringBootConfiguration com.organizer.Application for test class com.organizer.ApplicationTests
00:23:59.736 [Test worker] DEBUG org.springframework.boot.test.context.SpringBootTestContextBootstrapper - @TestExecutionListeners is not present for class [com.organizer.ApplicationTests]: using defaults.
00:23:59.737 [Test worker] INFO org.springframework.boot.test.context.SpringBootTestContextBootstrapper - Loaded default TestExecutionListener class names from location [META-INF/spring.factories]: [org.springframework.boot.test.autoconfigure.restdocs.RestDocsTestExecutionListener, org.springframework.boot.test.autoconfigure.web.client.MockRestServiceServerResetTestExecutionListener, org.springframework.boot.test.autoconfigure.web.servlet.MockMvcPrintOnlyOnFailureTestExecutionListener, org.springframework.boot.test.autoconfigure.web.servlet.WebDriverTestExecutionListener, org.springframework.boot.test.mock.mockito.MockitoTestExecutionListener, org.springframework.boot.test.mock.mockito.ResetMocksTestExecutionListener, org.springframework.test.context.web.ServletTestExecutionListener, org.springframework.test.context.support.DirtiesContextBeforeModesTestExecutionListener, org.springframework.test.context.support.DependencyInjectionTestExecutionListener, org.springframework.test.context.support.DirtiesContextTestExecutionListener, org.springframework.test.context.transaction.TransactionalTestExecutionListener, org.springframework.test.context.jdbc.SqlScriptsTestExecutionListener]
00:23:59.746 [Test worker] DEBUG org.springframework.boot.test.context.SpringBootTestContextBootstrapper - Skipping candidate TestExecutionListener [org.springframework.test.context.transaction.TransactionalTestExecutionListener] due to a missing dependency. Specify custom listener classes or make the default listener classes and their required dependencies available. Offending class: [org/springframework/transaction/interceptor/TransactionAttributeSource]
00:23:59.747 [Test worker] DEBUG org.springframework.boot.test.context.SpringBootTestContextBootstrapper - Skipping candidate TestExecutionListener [org.springframework.test.context.jdbc.SqlScriptsTestExecutionListener] due to a missing dependency. Specify custom listener classes or make the default listener classes and their required dependencies available. Offending class: [org/springframework/transaction/interceptor/TransactionAttribute]
00:23:59.747 [Test worker] INFO org.springframework.boot.test.context.SpringBootTestContextBootstrapper - Using TestExecutionListeners: [org.springframework.test.context.web.ServletTestExecutionListener@432a3db7, org.springframework.test.context.support.DirtiesContextBeforeModesTestExecutionListener@7efecfcd, org.springframework.boot.test.mock.mockito.MockitoTestExecutionListener@10a32c82, org.springframework.boot.test.autoconfigure.SpringBootDependencyInjectionTestExecutionListener@52975072, org.springframework.test.context.support.DirtiesContextTestExecutionListener@40c20812, org.springframework.boot.test.autoconfigure.restdocs.RestDocsTestExecutionListener@484a2760, org.springframework.boot.test.autoconfigure.web.client.MockRestServiceServerResetTestExecutionListener@4104d5d7, org.springframework.boot.test.autoconfigure.web.servlet.MockMvcPrintOnlyOnFailureTestExecutionListener@29781945, org.springframework.boot.test.autoconfigure.web.servlet.WebDriverTestExecutionListener@79aa16e0, org.springframework.boot.test.mock.mockito.ResetMocksTestExecutionListener@60c25f92]
00:23:59.749 [Test worker] DEBUG org.springframework.test.annotation.ProfileValueUtils - Retrieved @ProfileValueSourceConfiguration [null] for test class [com.organizer.ApplicationTests]
00:23:59.750 [Test worker] DEBUG org.springframework.test.annotation.ProfileValueUtils - Retrieved ProfileValueSource type [class org.springframework.test.annotation.SystemProfileValueSource] for class [com.organizer.ApplicationTests]
00:23:59.750 [Test worker] DEBUG org.springframework.test.annotation.ProfileValueUtils - Retrieved @ProfileValueSourceConfiguration [null] for test class [com.organizer.ApplicationTests]
00:23:59.750 [Test worker] DEBUG org.springframework.test.annotation.ProfileValueUtils - Retrieved ProfileValueSource type [class org.springframework.test.annotation.SystemProfileValueSource] for class [com.organizer.ApplicationTests]
00:23:59.754 [Test worker] DEBUG org.springframework.test.context.support.AbstractDirtiesContextTestExecutionListener - Before test class: context [DefaultTestContext@47feba2f testClass = ApplicationTests, testInstance = [null], testMethod = [null], testException = [null], mergedContextConfiguration = [WebMergedContextConfiguration@5b54df99 testClass = ApplicationTests, locations = '{}', classes = '{class com.organizer.Application}', contextInitializerClasses = '[]', activeProfiles = '{}', propertySourceLocations = '{}', propertySourceProperties = '{org.springframework.boot.test.context.SpringBootTestContextBootstrapper=true}', contextCustomizers = set[org.springframework.boot.test.autoconfigure.properties.PropertyMappingContextCustomizer@0, org.springframework.boot.test.autoconfigure.web.servlet.WebDriverContextCustomizerFactory$Customizer@201f743d, org.springframework.boot.test.context.filter.ExcludeFilterContextCustomizer@3cf467f5, org.springframework.boot.test.json.DuplicateJsonObjectContextCustomizerFactory$DuplicateJsonObjectContextCustomizer@19c41c7e, org.springframework.boot.test.mock.mockito.MockitoContextCustomizer@0, org.springframework.boot.test.web.client.TestRestTemplateContextCustomizer@34c27301], resourceBasePath = 'src/main/webapp', contextLoader = 'org.springframework.boot.test.context.SpringBootContextLoader', parent = [null]], attributes = map['org.springframework.test.context.web.ServletTestExecutionListener.activateListener' -> true]], class annotated with @DirtiesContext [false] with mode [null].
00:23:59.755 [Test worker] DEBUG org.springframework.test.annotation.ProfileValueUtils - Retrieved @ProfileValueSourceConfiguration [null] for test class [com.organizer.ApplicationTests]
00:23:59.755 [Test worker] DEBUG org.springframework.test.annotation.ProfileValueUtils - Retrieved ProfileValueSource type [class org.springframework.test.annotation.SystemProfileValueSource] for class [com.organizer.ApplicationTests]
00:23:59.770 [Test worker] DEBUG org.springframework.test.context.support.TestPropertySourceUtils - Adding inlined properties to environment: {spring.jmx.enabled=false, org.springframework.boot.test.context.SpringBootTestContextBootstrapper=true, server.port=-1}

  .   ____          _            __ _ _
 /\\ / ___'_ __ _ _(_)_ __  __ _ \ \ \ \
( ( )\___ | '_ | '_| | '_ \/ _` | \ \ \ \
 \\/  ___)| |_)| | | | | || (_| |  ) ) ) )
  '  |____| .__|_| |_|_| |_\__, | / / / /
 =========|_|==============|___/=/_/_/_/
 :: Spring Boot ::        (v2.1.3.RELEASE)

2019-03-21 00:24:00.132  INFO 34286 --- [    Test worker] com.organizer.ApplicationTests           : Starting ApplicationTests on Markus-MacBook-Pro.local with PID 34286 (started by markus in /Users/markus/Desktop/Organizer/Organizer)
2019-03-21 00:24:00.133  INFO 34286 --- [    Test worker] com.organizer.ApplicationTests           : No active profile set, falling back to default profiles: default
2019-03-21 00:24:01.591  INFO 34286 --- [    Test worker] o.s.s.concurrent.ThreadPoolTaskExecutor  : Initializing ExecutorService 'applicationTaskExecutor'
2019-03-21 00:24:01.843  INFO 34286 --- [    Test worker] com.organizer.ApplicationTests           : Started ApplicationTests in 2.065 seconds (JVM running for 2.948)
]]></system-out>
  <system-err><![CDATA[]]></system-err>
</testsuite>
